GAS LISTING /tmp/ccb0WxFs.s 			page 1


   1              		.file	"printing.cpp"
   2              		.option pic
   3              		.option norelax
   4              		.text
   5              	.Ltext0:
   6              		.align	2
   7              		.globl	_Z11printStringPKc
   9              	_Z11printStringPKc:
  10              	.LFB11:
  11              		.file 1 "src/printing.cpp"
   1:src/printing.cpp **** //
   2:src/printing.cpp **** // Created by os on 6/21/22.
   3:src/printing.cpp **** //
   4:src/printing.cpp **** 
   5:src/printing.cpp **** #include "../test/printing.h"
   6:src/printing.cpp **** #include "../lib/console.h"
   7:src/printing.cpp **** 
   8:src/printing.cpp **** uint64 lockPrint = 0;
   9:src/printing.cpp **** 
  10:src/printing.cpp **** #define LOCK() while(copy_and_swap(lockPrint, 0, 1))
  11:src/printing.cpp **** #define UNLOCK() while(copy_and_swap(lockPrint, 1, 0))
  12:src/printing.cpp **** 
  13:src/printing.cpp **** void printString(char const *string)
  14:src/printing.cpp **** {
  12              		.loc 1 14 1
  13              		.cfi_startproc
  14              	.LVL0:
  15 0000 130101FE 		addi	sp,sp,-32
  16              		.cfi_def_cfa_offset 32
  17 0004 233C1100 		sd	ra,24(sp)
  18 0008 23388100 		sd	s0,16(sp)
  19 000c 23349100 		sd	s1,8(sp)
  20              		.cfi_offset 1, -8
  21              		.cfi_offset 8, -16
  22              		.cfi_offset 9, -24
  23 0010 13040102 		addi	s0,sp,32
  24              		.cfi_def_cfa 8, 0
  25 0014 93040500 		mv	s1,a0
  26              	.LVL1:
  27              	.L2:
  15:src/printing.cpp ****     LOCK();
  28              		.loc 1 15 5
  29              		.loc 1 15 5
  30 0018 13061000 		li	a2,1
  31 001c 93050000 		li	a1,0
  32 0020 17050000 		lla	a0,.LANCHOR0
  32      13050500 
  33 0028 97000000 		call	copy_and_swap@plt
  33      E7800000 
  34              	.LVL2:
  35 0030 E31405FE 		bnez	a0,.L2
  36              	.L4:
  16:src/printing.cpp ****     while (*string != '\0')
  37              		.loc 1 16 5
  38              		.loc 1 16 20
  39              		.loc 1 16 12 is_stmt 0
  40 0034 03C50400 		lbu	a0,0(s1)
GAS LISTING /tmp/ccb0WxFs.s 			page 2


  41              		.loc 1 16 20
  42 0038 630A0500 		beqz	a0,.L3
  17:src/printing.cpp ****     {
  18:src/printing.cpp ****         __putc(*string);
  43              		.loc 1 18 9 is_stmt 1
  44              		.loc 1 18 15 is_stmt 0
  45 003c 97000000 		call	__putc@plt
  45      E7800000 
  46              	.LVL3:
  19:src/printing.cpp ****         string++;
  47              		.loc 1 19 9 is_stmt 1
  48              		.loc 1 19 15 is_stmt 0
  49 0044 93841400 		addi	s1,s1,1
  50              	.LVL4:
  16:src/printing.cpp ****     while (*string != '\0')
  51              		.loc 1 16 5
  52 0048 6FF0DFFE 		j	.L4
  53              	.L3:
  20:src/printing.cpp ****     }
  21:src/printing.cpp ****     UNLOCK();
  54              		.loc 1 21 5 is_stmt 1
  55              		.loc 1 21 5
  56 004c 13060000 		li	a2,0
  57 0050 93051000 		li	a1,1
  58 0054 17050000 		lla	a0,.LANCHOR0
  58      13050500 
  59 005c 97000000 		call	copy_and_swap@plt
  59      E7800000 
  60              	.LVL5:
  61 0064 E31405FE 		bnez	a0,.L3
  22:src/printing.cpp **** }
  62              		.loc 1 22 1 is_stmt 0
  63 0068 83308101 		ld	ra,24(sp)
  64              		.cfi_restore 1
  65 006c 03340101 		ld	s0,16(sp)
  66              		.cfi_restore 8
  67              		.cfi_def_cfa 2, 32
  68 0070 83348100 		ld	s1,8(sp)
  69              		.cfi_restore 9
  70              	.LVL6:
  71 0074 13010102 		addi	sp,sp,32
  72              		.cfi_def_cfa_offset 0
  73 0078 67800000 		jr	ra
  74              		.cfi_endproc
  75              	.LFE11:
  77              		.align	2
  78              		.globl	_Z9getStringPci
  80              	_Z9getStringPci:
  81              	.LFB12:
  23:src/printing.cpp **** 
  24:src/printing.cpp **** char* getString(char *buf, int max) {
  82              		.loc 1 24 37 is_stmt 1
  83              		.cfi_startproc
  84              	.LVL7:
  85 007c 130101FD 		addi	sp,sp,-48
  86              		.cfi_def_cfa_offset 48
  87 0080 23341102 		sd	ra,40(sp)
GAS LISTING /tmp/ccb0WxFs.s 			page 3


  88 0084 23308102 		sd	s0,32(sp)
  89 0088 233C9100 		sd	s1,24(sp)
  90 008c 23382101 		sd	s2,16(sp)
  91 0090 23343101 		sd	s3,8(sp)
  92 0094 23304101 		sd	s4,0(sp)
  93              		.cfi_offset 1, -8
  94              		.cfi_offset 8, -16
  95              		.cfi_offset 9, -24
  96              		.cfi_offset 18, -32
  97              		.cfi_offset 19, -40
  98              		.cfi_offset 20, -48
  99 0098 13040103 		addi	s0,sp,48
 100              		.cfi_def_cfa 8, 0
 101 009c 93090500 		mv	s3,a0
 102 00a0 138A0500 		mv	s4,a1
 103              	.LVL8:
 104              	.L7:
  25:src/printing.cpp ****     LOCK();
 105              		.loc 1 25 5
 106              		.loc 1 25 5
 107 00a4 13061000 		li	a2,1
 108 00a8 93050000 		li	a1,0
 109 00ac 17050000 		lla	a0,.LANCHOR0
 109      13050500 
 110 00b4 97000000 		call	copy_and_swap@plt
 110      E7800000 
 111              	.LVL9:
 112 00bc E31405FE 		bnez	a0,.L7
  26:src/printing.cpp ****     int i, cc;
  27:src/printing.cpp ****     char c;
  28:src/printing.cpp **** 
  29:src/printing.cpp ****     for(i=0; i+1 < max; ){
 113              		.loc 1 29 10 is_stmt 0
 114 00c0 13090000 		li	s2,0
 115              	.L9:
 116              	.LVL10:
 117              		.loc 1 29 18 is_stmt 1 discriminator 1
 118 00c4 93040900 		mv	s1,s2
 119              		.loc 1 29 15 is_stmt 0 discriminator 1
 120 00c8 1B091900 		addiw	s2,s2,1
 121              	.LVL11:
 122              		.loc 1 29 18 discriminator 1
 123 00cc 635A4903 		bge	s2,s4,.L8
  30:src/printing.cpp ****         cc = __getc();
 124              		.loc 1 30 9 is_stmt 1
 125              		.loc 1 30 20 is_stmt 0
 126 00d0 97000000 		call	__getc@plt
 126      E7800000 
 127              	.LVL12:
  31:src/printing.cpp ****         if(cc < 1)
 128              		.loc 1 31 9 is_stmt 1
 129 00d8 63040502 		beqz	a0,.L8
  32:src/printing.cpp ****             break;
  33:src/printing.cpp ****         c = cc;
 130              		.loc 1 33 9
 131              	.LVL13:
  34:src/printing.cpp ****         buf[i++] = c;
GAS LISTING /tmp/ccb0WxFs.s 			page 4


 132              		.loc 1 34 9
 133              		.loc 1 34 16 is_stmt 0
 134 00dc B3849900 		add	s1,s3,s1
 135              		.loc 1 34 18
 136 00e0 2380A400 		sb	a0,0(s1)
  35:src/printing.cpp ****         if(c == '\n' || c == '\r')
 137              		.loc 1 35 9 is_stmt 1
 138 00e4 9307A000 		li	a5,10
 139 00e8 630AF500 		beq	a0,a5,.L11
 140              		.loc 1 35 22 is_stmt 0 discriminator 1
 141 00ec 9307D000 		li	a5,13
 142 00f0 E31AF5FC 		bne	a0,a5,.L9
  34:src/printing.cpp ****         buf[i++] = c;
 143              		.loc 1 34 14
 144 00f4 93040900 		mv	s1,s2
 145 00f8 6F008000 		j	.L8
 146              	.L11:
 147 00fc 93040900 		mv	s1,s2
 148              	.LVL14:
 149              	.L8:
  36:src/printing.cpp ****             break;
  37:src/printing.cpp ****     }
  38:src/printing.cpp ****     buf[i] = '\0';
 150              		.loc 1 38 5 is_stmt 1
 151              		.loc 1 38 10 is_stmt 0
 152 0100 B3849900 		add	s1,s3,s1
 153              	.LVL15:
 154              		.loc 1 38 12
 155 0104 23800400 		sb	zero,0(s1)
 156              	.L10:
  39:src/printing.cpp **** 
  40:src/printing.cpp ****     UNLOCK();
 157              		.loc 1 40 5 is_stmt 1
 158              		.loc 1 40 5
 159 0108 13060000 		li	a2,0
 160 010c 93051000 		li	a1,1
 161 0110 17050000 		lla	a0,.LANCHOR0
 161      13050500 
 162 0118 97000000 		call	copy_and_swap@plt
 162      E7800000 
 163              	.LVL16:
 164 0120 E31405FE 		bnez	a0,.L10
  41:src/printing.cpp ****     return buf;
 165              		.loc 1 41 5
  42:src/printing.cpp **** }
 166              		.loc 1 42 1 is_stmt 0
 167 0124 13850900 		mv	a0,s3
 168 0128 83308102 		ld	ra,40(sp)
 169              		.cfi_restore 1
 170 012c 03340102 		ld	s0,32(sp)
 171              		.cfi_restore 8
 172              		.cfi_def_cfa 2, 48
 173 0130 83348101 		ld	s1,24(sp)
 174              		.cfi_restore 9
 175 0134 03390101 		ld	s2,16(sp)
 176              		.cfi_restore 18
 177 0138 83398100 		ld	s3,8(sp)
GAS LISTING /tmp/ccb0WxFs.s 			page 5


 178              		.cfi_restore 19
 179              	.LVL17:
 180 013c 033A0100 		ld	s4,0(sp)
 181              		.cfi_restore 20
 182 0140 13010103 		addi	sp,sp,48
 183              		.cfi_def_cfa_offset 0
 184 0144 67800000 		jr	ra
 185              		.cfi_endproc
 186              	.LFE12:
 188              		.align	2
 189              		.globl	_Z11stringToIntPKc
 191              	_Z11stringToIntPKc:
 192              	.LFB13:
  43:src/printing.cpp **** 
  44:src/printing.cpp **** int stringToInt(const char *s) {
 193              		.loc 1 44 32 is_stmt 1
 194              		.cfi_startproc
 195              	.LVL18:
 196 0148 130101FF 		addi	sp,sp,-16
 197              		.cfi_def_cfa_offset 16
 198 014c 23348100 		sd	s0,8(sp)
 199              		.cfi_offset 8, -8
 200 0150 13040101 		addi	s0,sp,16
 201              		.cfi_def_cfa 8, 0
 202 0154 93060500 		mv	a3,a0
  45:src/printing.cpp ****     int n;
 203              		.loc 1 45 5
  46:src/printing.cpp **** 
  47:src/printing.cpp ****     n = 0;
 204              		.loc 1 47 5
 205              	.LVL19:
 206              		.loc 1 47 7 is_stmt 0
 207 0158 13050000 		li	a0,0
 208              	.LVL20:
 209              	.L15:
  48:src/printing.cpp ****     while ('0' <= *s && *s <= '9')
 210              		.loc 1 48 5 is_stmt 1
 211              		.loc 1 48 22
 212              		.loc 1 48 19 is_stmt 0
 213 015c 03C60600 		lbu	a2,0(a3)
 214              		.loc 1 48 22
 215 0160 1B0706FD 		addiw	a4,a2,-48
 216 0164 1377F70F 		andi	a4,a4,0xff
 217 0168 93079000 		li	a5,9
 218 016c 63E0E702 		bgtu	a4,a5,.L14
  49:src/printing.cpp ****         n = n * 10 + *s++ - '0';
 219              		.loc 1 49 9 is_stmt 1
 220              		.loc 1 49 15 is_stmt 0
 221 0170 9B172500 		slliw	a5,a0,2
 222 0174 BB87A700 		addw	a5,a5,a0
 223 0178 9B971700 		slliw	a5,a5,1
 224              		.loc 1 49 24
 225 017c 93861600 		addi	a3,a3,1
 226              	.LVL21:
 227              		.loc 1 49 20
 228 0180 BB87C700 		addw	a5,a5,a2
 229              		.loc 1 49 11
GAS LISTING /tmp/ccb0WxFs.s 			page 6


 230 0184 1B8507FD 		addiw	a0,a5,-48
 231              	.LVL22:
  48:src/printing.cpp ****     while ('0' <= *s && *s <= '9')
 232              		.loc 1 48 5
 233 0188 6FF05FFD 		j	.L15
 234              	.LVL23:
 235              	.L14:
  50:src/printing.cpp ****     return n;
 236              		.loc 1 50 5 is_stmt 1
  51:src/printing.cpp **** }
 237              		.loc 1 51 1 is_stmt 0
 238 018c 03348100 		ld	s0,8(sp)
 239              		.cfi_restore 8
 240              		.cfi_def_cfa 2, 16
 241 0190 13010101 		addi	sp,sp,16
 242              		.cfi_def_cfa_offset 0
 243 0194 67800000 		jr	ra
 244              		.cfi_endproc
 245              	.LFE13:
 247              		.align	2
 248              		.globl	_Z8printIntiii
 250              	_Z8printIntiii:
 251              	.LFB14:
  52:src/printing.cpp **** 
  53:src/printing.cpp **** char digits[] = "0123456789ABCDEF";
  54:src/printing.cpp **** 
  55:src/printing.cpp **** void printInt(int xx, int base, int sgn)
  56:src/printing.cpp **** {
 252              		.loc 1 56 1 is_stmt 1
 253              		.cfi_startproc
 254              	.LVL24:
 255 0198 130101FC 		addi	sp,sp,-64
 256              		.cfi_def_cfa_offset 64
 257 019c 233C1102 		sd	ra,56(sp)
 258 01a0 23388102 		sd	s0,48(sp)
 259 01a4 23349102 		sd	s1,40(sp)
 260 01a8 23302103 		sd	s2,32(sp)
 261 01ac 233C3101 		sd	s3,24(sp)
 262              		.cfi_offset 1, -8
 263              		.cfi_offset 8, -16
 264              		.cfi_offset 9, -24
 265              		.cfi_offset 18, -32
 266              		.cfi_offset 19, -40
 267 01b0 13040104 		addi	s0,sp,64
 268              		.cfi_def_cfa 8, 0
 269 01b4 93040500 		mv	s1,a0
 270 01b8 13890500 		mv	s2,a1
 271 01bc 93090600 		mv	s3,a2
 272              	.LVL25:
 273              	.L18:
  57:src/printing.cpp ****     LOCK();
 274              		.loc 1 57 5
 275              		.loc 1 57 5
 276 01c0 13061000 		li	a2,1
 277 01c4 93050000 		li	a1,0
 278 01c8 17050000 		lla	a0,.LANCHOR0
 278      13050500 
GAS LISTING /tmp/ccb0WxFs.s 			page 7


 279 01d0 97000000 		call	copy_and_swap@plt
 279      E7800000 
 280              	.LVL26:
 281 01d8 E31405FE 		bnez	a0,.L18
  58:src/printing.cpp ****     char buf[16];
 282              		.loc 1 58 5
  59:src/printing.cpp ****     int i, neg;
 283              		.loc 1 59 5
  60:src/printing.cpp ****     uint x;
 284              		.loc 1 60 5
  61:src/printing.cpp **** 
  62:src/printing.cpp ****     neg = 0;
 285              		.loc 1 62 5
 286              	.LVL27:
  63:src/printing.cpp ****     if(sgn && xx < 0){
 287              		.loc 1 63 5
 288 01dc 63840900 		beqz	s3,.L19
 289              		.loc 1 63 12 is_stmt 0 discriminator 1
 290 01e0 63C40408 		bltz	s1,.L26
 291              	.L19:
  64:src/printing.cpp ****         neg = 1;
  65:src/printing.cpp ****         x = -xx;
  66:src/printing.cpp ****     } else {
  67:src/printing.cpp ****         x = xx;
 292              		.loc 1 67 9 is_stmt 1
 293              		.loc 1 67 11 is_stmt 0
 294 01e4 1B850400 		sext.w	a0,s1
 295              	.LVL28:
  62:src/printing.cpp ****     if(sgn && xx < 0){
 296              		.loc 1 62 9
 297 01e8 93050000 		li	a1,0
 298              	.LVL29:
 299              	.L20:
  68:src/printing.cpp ****     }
  69:src/printing.cpp **** 
  70:src/printing.cpp ****     i = 0;
 300              		.loc 1 70 5 is_stmt 1
 301              		.loc 1 70 7 is_stmt 0
 302 01ec 93040000 		li	s1,0
 303              	.LVL30:
 304              	.L21:
  71:src/printing.cpp ****     do{
 305              		.loc 1 71 5 is_stmt 1
  72:src/printing.cpp ****         buf[i++] = digits[x % base];
 306              		.loc 1 72 9
 307              		.loc 1 72 31 is_stmt 0
 308 01f0 9B070900 		sext.w	a5,s2
 309              		.loc 1 72 29
 310 01f4 3B772503 		remuw	a4,a0,s2
 311 01f8 13860400 		mv	a2,s1
 312              		.loc 1 72 14
 313 01fc 9B841400 		addiw	s1,s1,1
 314              	.LVL31:
 315              		.loc 1 72 35
 316 0200 93160702 		slli	a3,a4,32
 317 0204 93D60602 		srli	a3,a3,32
 318 0208 17070000 		lla	a4,.LANCHOR1
GAS LISTING /tmp/ccb0WxFs.s 			page 8


 318      13070700 
 319 0210 3307D700 		add	a4,a4,a3
 320 0214 83460700 		lbu	a3,0(a4)
 321              		.loc 1 72 18
 322 0218 130704FD 		addi	a4,s0,-48
 323 021c 3307C700 		add	a4,a4,a2
 324 0220 2308D7FE 		sb	a3,-16(a4)
  73:src/printing.cpp ****     }while((x /= base) != 0);
 325              		.loc 1 73 24 is_stmt 1
 326 0224 1B070500 		sext.w	a4,a0
 327              		.loc 1 73 15 is_stmt 0
 328 0228 3B552503 		divuw	a0,a0,s2
 329              	.LVL32:
 330              		.loc 1 73 24
 331 022c E372F7FC 		bleu	a5,a4,.L21
  74:src/printing.cpp ****     if(neg)
 332              		.loc 1 74 5 is_stmt 1
 333 0230 638C0500 		beqz	a1,.L24
  75:src/printing.cpp ****         buf[i++] = '-';
 334              		.loc 1 75 9
 335              	.LVL33:
 336              		.loc 1 75 18 is_stmt 0
 337 0234 930704FD 		addi	a5,s0,-48
 338 0238 B3849700 		add	s1,a5,s1
 339 023c 9307D002 		li	a5,45
 340 0240 2388F4FE 		sb	a5,-16(s1)
 341              		.loc 1 75 14
 342 0244 9B042600 		addiw	s1,a2,2
 343              	.LVL34:
 344              	.L24:
  76:src/printing.cpp **** 
  77:src/printing.cpp ****     while(--i >= 0)
 345              		.loc 1 77 5 is_stmt 1
 346              		.loc 1 77 15
 347 0248 9B84F4FF 		addiw	s1,s1,-1
 348              	.LVL35:
 349 024c 63C40402 		bltz	s1,.L23
  78:src/printing.cpp ****         __putc(buf[i]);
 350              		.loc 1 78 9
 351              		.loc 1 78 15 is_stmt 0
 352 0250 930704FD 		addi	a5,s0,-48
 353 0254 B3879700 		add	a5,a5,s1
 354 0258 03C507FF 		lbu	a0,-16(a5)
 355 025c 97000000 		call	__putc@plt
 355      E7800000 
 356              	.LVL36:
 357 0264 6FF05FFE 		j	.L24
 358              	.LVL37:
 359              	.L26:
  64:src/printing.cpp ****         x = -xx;
 360              		.loc 1 64 9 is_stmt 1
  65:src/printing.cpp ****     } else {
 361              		.loc 1 65 9
  65:src/printing.cpp ****     } else {
 362              		.loc 1 65 11 is_stmt 0
 363 0268 3B059040 		negw	a0,s1
 364              	.LVL38:
GAS LISTING /tmp/ccb0WxFs.s 			page 9


  64:src/printing.cpp ****         x = -xx;
 365              		.loc 1 64 13
 366 026c 93051000 		li	a1,1
  65:src/printing.cpp ****     } else {
 367              		.loc 1 65 11
 368 0270 6FF0DFF7 		j	.L20
 369              	.LVL39:
 370              	.L23:
  79:src/printing.cpp **** 
  80:src/printing.cpp ****     UNLOCK();
 371              		.loc 1 80 5 is_stmt 1
 372              		.loc 1 80 5
 373 0274 13060000 		li	a2,0
 374 0278 93051000 		li	a1,1
 375 027c 17050000 		lla	a0,.LANCHOR0
 375      13050500 
 376 0284 97000000 		call	copy_and_swap@plt
 376      E7800000 
 377              	.LVL40:
 378 028c E31405FE 		bnez	a0,.L23
  81:src/printing.cpp **** }...
 379              		.loc 1 81 1 is_stmt 0
 380 0290 83308103 		ld	ra,56(sp)
 381              		.cfi_restore 1
 382 0294 03340103 		ld	s0,48(sp)
 383              		.cfi_restore 8
 384              		.cfi_def_cfa 2, 64
 385 0298 83348102 		ld	s1,40(sp)
 386              		.cfi_restore 9
 387 029c 03390102 		ld	s2,32(sp)
 388              		.cfi_restore 18
 389 02a0 83398101 		ld	s3,24(sp)
 390              		.cfi_restore 19
 391 02a4 13010104 		addi	sp,sp,64
 392              		.cfi_def_cfa_offset 0
 393 02a8 67800000 		jr	ra
 394              		.cfi_endproc
 395              	.LFE14:
 397              		.globl	digits
 398              		.globl	lockPrint
 399              		.data
 400              		.align	3
 401              		.set	.LANCHOR1,. + 0
 404              	digits:
 405 0000 30313233 		.string	"0123456789ABCDEF"
 405      34353637 
 405      38394142 
 405      43444546 
 405      00
 406              		.bss
 407              		.align	3
 408              		.set	.LANCHOR0,. + 0
 411              	lockPrint:
 412 0000 00000000 		.zero	8
 412      00000000 
 413              		.text
 414              	.Letext0:
GAS LISTING /tmp/ccb0WxFs.s 			page 10


 415              		.file 2 "src/../test/../h/../lib/hw.h"
 416              		.file 3 "src/../test/../h/syscall_c.h"
 417              		.file 4 "src/../test/printing.h"
 418              		.file 5 "src/../lib/console.h"
GAS LISTING /tmp/ccb0WxFs.s 			page 11


DEFINED SYMBOLS
                            *ABS*:0000000000000000 printing.cpp
     /tmp/ccb0WxFs.s:9      .text:0000000000000000 _Z11printStringPKc
     /tmp/ccb0WxFs.s:13     .text:0000000000000000 .L0 
     /tmp/ccb0WxFs.s:15     .text:0000000000000000 .L0 
     /tmp/ccb0WxFs.s:16     .text:0000000000000004 .L0 
     /tmp/ccb0WxFs.s:20     .text:0000000000000010 .L0 
     /tmp/ccb0WxFs.s:21     .text:0000000000000010 .L0 
     /tmp/ccb0WxFs.s:22     .text:0000000000000010 .L0 
     /tmp/ccb0WxFs.s:24     .text:0000000000000014 .L0 
     /tmp/ccb0WxFs.s:29     .text:0000000000000018 .L0 
     /tmp/ccb0WxFs.s:30     .text:0000000000000018 .L0 
     /tmp/ccb0WxFs.s:38     .text:0000000000000034 .L0 
     /tmp/ccb0WxFs.s:39     .text:0000000000000034 .L0 
     /tmp/ccb0WxFs.s:40     .text:0000000000000034 .L0 
     /tmp/ccb0WxFs.s:42     .text:0000000000000038 .L0 
     /tmp/ccb0WxFs.s:44     .text:000000000000003c .L0 
     /tmp/ccb0WxFs.s:45     .text:000000000000003c .L0 
     /tmp/ccb0WxFs.s:48     .text:0000000000000044 .L0 
     /tmp/ccb0WxFs.s:49     .text:0000000000000044 .L0 
     /tmp/ccb0WxFs.s:52     .text:0000000000000048 .L0 
     /tmp/ccb0WxFs.s:55     .text:000000000000004c .L0 
     /tmp/ccb0WxFs.s:56     .text:000000000000004c .L0 
     /tmp/ccb0WxFs.s:63     .text:0000000000000068 .L0 
     /tmp/ccb0WxFs.s:64     .text:000000000000006c .L0 
     /tmp/ccb0WxFs.s:66     .text:0000000000000070 .L0 
     /tmp/ccb0WxFs.s:67     .text:0000000000000070 .L0 
     /tmp/ccb0WxFs.s:69     .text:0000000000000074 .L0 
     /tmp/ccb0WxFs.s:72     .text:0000000000000078 .L0 
     /tmp/ccb0WxFs.s:74     .text:000000000000007c .L0 
     /tmp/ccb0WxFs.s:80     .text:000000000000007c _Z9getStringPci
     /tmp/ccb0WxFs.s:83     .text:000000000000007c .L0 
     /tmp/ccb0WxFs.s:85     .text:000000000000007c .L0 
     /tmp/ccb0WxFs.s:86     .text:0000000000000080 .L0 
     /tmp/ccb0WxFs.s:93     .text:0000000000000098 .L0 
     /tmp/ccb0WxFs.s:94     .text:0000000000000098 .L0 
     /tmp/ccb0WxFs.s:95     .text:0000000000000098 .L0 
     /tmp/ccb0WxFs.s:96     .text:0000000000000098 .L0 
     /tmp/ccb0WxFs.s:97     .text:0000000000000098 .L0 
     /tmp/ccb0WxFs.s:98     .text:0000000000000098 .L0 
     /tmp/ccb0WxFs.s:100    .text:000000000000009c .L0 
     /tmp/ccb0WxFs.s:106    .text:00000000000000a4 .L0 
     /tmp/ccb0WxFs.s:107    .text:00000000000000a4 .L0 
     /tmp/ccb0WxFs.s:114    .text:00000000000000c0 .L0 
     /tmp/ccb0WxFs.s:118    .text:00000000000000c4 .L0 
     /tmp/ccb0WxFs.s:120    .text:00000000000000c8 .L0 
     /tmp/ccb0WxFs.s:123    .text:00000000000000cc .L0 
     /tmp/ccb0WxFs.s:125    .text:00000000000000d0 .L0 
     /tmp/ccb0WxFs.s:126    .text:00000000000000d0 .L0 
     /tmp/ccb0WxFs.s:129    .text:00000000000000d8 .L0 
     /tmp/ccb0WxFs.s:132    .text:00000000000000dc .L0 
     /tmp/ccb0WxFs.s:133    .text:00000000000000dc .L0 
     /tmp/ccb0WxFs.s:134    .text:00000000000000dc .L0 
     /tmp/ccb0WxFs.s:136    .text:00000000000000e0 .L0 
     /tmp/ccb0WxFs.s:138    .text:00000000000000e4 .L0 
     /tmp/ccb0WxFs.s:141    .text:00000000000000ec .L0 
     /tmp/ccb0WxFs.s:144    .text:00000000000000f4 .L0 
GAS LISTING /tmp/ccb0WxFs.s 			page 12


     /tmp/ccb0WxFs.s:151    .text:0000000000000100 .L0 
     /tmp/ccb0WxFs.s:152    .text:0000000000000100 .L0 
     /tmp/ccb0WxFs.s:155    .text:0000000000000104 .L0 
     /tmp/ccb0WxFs.s:158    .text:0000000000000108 .L0 
     /tmp/ccb0WxFs.s:159    .text:0000000000000108 .L0 
     /tmp/ccb0WxFs.s:166    .text:0000000000000124 .L0 
     /tmp/ccb0WxFs.s:167    .text:0000000000000124 .L0 
     /tmp/ccb0WxFs.s:169    .text:000000000000012c .L0 
     /tmp/ccb0WxFs.s:171    .text:0000000000000130 .L0 
     /tmp/ccb0WxFs.s:172    .text:0000000000000130 .L0 
     /tmp/ccb0WxFs.s:174    .text:0000000000000134 .L0 
     /tmp/ccb0WxFs.s:176    .text:0000000000000138 .L0 
     /tmp/ccb0WxFs.s:178    .text:000000000000013c .L0 
     /tmp/ccb0WxFs.s:181    .text:0000000000000140 .L0 
     /tmp/ccb0WxFs.s:183    .text:0000000000000144 .L0 
     /tmp/ccb0WxFs.s:185    .text:0000000000000148 .L0 
     /tmp/ccb0WxFs.s:191    .text:0000000000000148 _Z11stringToIntPKc
     /tmp/ccb0WxFs.s:194    .text:0000000000000148 .L0 
     /tmp/ccb0WxFs.s:196    .text:0000000000000148 .L0 
     /tmp/ccb0WxFs.s:197    .text:000000000000014c .L0 
     /tmp/ccb0WxFs.s:199    .text:0000000000000150 .L0 
     /tmp/ccb0WxFs.s:201    .text:0000000000000154 .L0 
     /tmp/ccb0WxFs.s:204    .text:0000000000000158 .L0 
     /tmp/ccb0WxFs.s:206    .text:0000000000000158 .L0 
     /tmp/ccb0WxFs.s:207    .text:0000000000000158 .L0 
     /tmp/ccb0WxFs.s:211    .text:000000000000015c .L0 
     /tmp/ccb0WxFs.s:212    .text:000000000000015c .L0 
     /tmp/ccb0WxFs.s:213    .text:000000000000015c .L0 
     /tmp/ccb0WxFs.s:215    .text:0000000000000160 .L0 
     /tmp/ccb0WxFs.s:220    .text:0000000000000170 .L0 
     /tmp/ccb0WxFs.s:221    .text:0000000000000170 .L0 
     /tmp/ccb0WxFs.s:225    .text:000000000000017c .L0 
     /tmp/ccb0WxFs.s:228    .text:0000000000000180 .L0 
     /tmp/ccb0WxFs.s:230    .text:0000000000000184 .L0 
     /tmp/ccb0WxFs.s:233    .text:0000000000000188 .L0 
     /tmp/ccb0WxFs.s:237    .text:000000000000018c .L0 
     /tmp/ccb0WxFs.s:238    .text:000000000000018c .L0 
     /tmp/ccb0WxFs.s:239    .text:0000000000000190 .L0 
     /tmp/ccb0WxFs.s:240    .text:0000000000000190 .L0 
     /tmp/ccb0WxFs.s:242    .text:0000000000000194 .L0 
     /tmp/ccb0WxFs.s:244    .text:0000000000000198 .L0 
     /tmp/ccb0WxFs.s:250    .text:0000000000000198 _Z8printIntiii
     /tmp/ccb0WxFs.s:253    .text:0000000000000198 .L0 
     /tmp/ccb0WxFs.s:255    .text:0000000000000198 .L0 
     /tmp/ccb0WxFs.s:256    .text:000000000000019c .L0 
     /tmp/ccb0WxFs.s:262    .text:00000000000001b0 .L0 
     /tmp/ccb0WxFs.s:263    .text:00000000000001b0 .L0 
     /tmp/ccb0WxFs.s:264    .text:00000000000001b0 .L0 
     /tmp/ccb0WxFs.s:265    .text:00000000000001b0 .L0 
     /tmp/ccb0WxFs.s:266    .text:00000000000001b0 .L0 
     /tmp/ccb0WxFs.s:268    .text:00000000000001b4 .L0 
     /tmp/ccb0WxFs.s:275    .text:00000000000001c0 .L0 
     /tmp/ccb0WxFs.s:276    .text:00000000000001c0 .L0 
     /tmp/ccb0WxFs.s:283    .text:00000000000001dc .L0 
     /tmp/ccb0WxFs.s:284    .text:00000000000001dc .L0 
     /tmp/ccb0WxFs.s:285    .text:00000000000001dc .L0 
     /tmp/ccb0WxFs.s:287    .text:00000000000001dc .L0 
GAS LISTING /tmp/ccb0WxFs.s 			page 13


     /tmp/ccb0WxFs.s:288    .text:00000000000001dc .L0 
     /tmp/ccb0WxFs.s:290    .text:00000000000001e0 .L0 
     /tmp/ccb0WxFs.s:293    .text:00000000000001e4 .L0 
     /tmp/ccb0WxFs.s:294    .text:00000000000001e4 .L0 
     /tmp/ccb0WxFs.s:297    .text:00000000000001e8 .L0 
     /tmp/ccb0WxFs.s:301    .text:00000000000001ec .L0 
     /tmp/ccb0WxFs.s:302    .text:00000000000001ec .L0 
     /tmp/ccb0WxFs.s:306    .text:00000000000001f0 .L0 
     /tmp/ccb0WxFs.s:307    .text:00000000000001f0 .L0 
     /tmp/ccb0WxFs.s:308    .text:00000000000001f0 .L0 
     /tmp/ccb0WxFs.s:310    .text:00000000000001f4 .L0 
     /tmp/ccb0WxFs.s:313    .text:00000000000001fc .L0 
     /tmp/ccb0WxFs.s:316    .text:0000000000000200 .L0 
     /tmp/ccb0WxFs.s:322    .text:0000000000000218 .L0 
     /tmp/ccb0WxFs.s:326    .text:0000000000000224 .L0 
     /tmp/ccb0WxFs.s:328    .text:0000000000000228 .L0 
     /tmp/ccb0WxFs.s:331    .text:000000000000022c .L0 
     /tmp/ccb0WxFs.s:333    .text:0000000000000230 .L0 
     /tmp/ccb0WxFs.s:336    .text:0000000000000234 .L0 
     /tmp/ccb0WxFs.s:337    .text:0000000000000234 .L0 
     /tmp/ccb0WxFs.s:342    .text:0000000000000244 .L0 
     /tmp/ccb0WxFs.s:346    .text:0000000000000248 .L0 
     /tmp/ccb0WxFs.s:347    .text:0000000000000248 .L0 
     /tmp/ccb0WxFs.s:351    .text:0000000000000250 .L0 
     /tmp/ccb0WxFs.s:352    .text:0000000000000250 .L0 
     /tmp/ccb0WxFs.s:361    .text:0000000000000268 .L0 
     /tmp/ccb0WxFs.s:362    .text:0000000000000268 .L0 
     /tmp/ccb0WxFs.s:363    .text:0000000000000268 .L0 
     /tmp/ccb0WxFs.s:366    .text:000000000000026c .L0 
     /tmp/ccb0WxFs.s:368    .text:0000000000000270 .L0 
     /tmp/ccb0WxFs.s:372    .text:0000000000000274 .L0 
     /tmp/ccb0WxFs.s:373    .text:0000000000000274 .L0 
     /tmp/ccb0WxFs.s:380    .text:0000000000000290 .L0 
     /tmp/ccb0WxFs.s:381    .text:0000000000000294 .L0 
     /tmp/ccb0WxFs.s:383    .text:0000000000000298 .L0 
     /tmp/ccb0WxFs.s:384    .text:0000000000000298 .L0 
     /tmp/ccb0WxFs.s:386    .text:000000000000029c .L0 
     /tmp/ccb0WxFs.s:388    .text:00000000000002a0 .L0 
     /tmp/ccb0WxFs.s:390    .text:00000000000002a4 .L0 
     /tmp/ccb0WxFs.s:392    .text:00000000000002a8 .L0 
     /tmp/ccb0WxFs.s:394    .text:00000000000002ac .L0 
     /tmp/ccb0WxFs.s:404    .data:0000000000000000 digits
     /tmp/ccb0WxFs.s:411    .bss:0000000000000000 lockPrint
     /tmp/ccb0WxFs.s:401    .data:0000000000000000 .LANCHOR1
     /tmp/ccb0WxFs.s:408    .bss:0000000000000000 .LANCHOR0
     /tmp/ccb0WxFs.s:419    .text:00000000000002ac .L0 
     /tmp/ccb0WxFs.s:32     .text:0000000000000020 .L0 
     /tmp/ccb0WxFs.s:58     .text:0000000000000054 .L0 
     /tmp/ccb0WxFs.s:109    .text:00000000000000ac .L0 
     /tmp/ccb0WxFs.s:161    .text:0000000000000110 .L0 
     /tmp/ccb0WxFs.s:278    .text:00000000000001c8 .L0 
     /tmp/ccb0WxFs.s:318    .text:0000000000000208 .L0 
     /tmp/ccb0WxFs.s:375    .text:000000000000027c .L0 
     /tmp/ccb0WxFs.s:27     .text:0000000000000018 .L2
     /tmp/ccb0WxFs.s:53     .text:000000000000004c .L3
     /tmp/ccb0WxFs.s:36     .text:0000000000000034 .L4
     /tmp/ccb0WxFs.s:104    .text:00000000000000a4 .L7
GAS LISTING /tmp/ccb0WxFs.s 			page 14


     /tmp/ccb0WxFs.s:149    .text:0000000000000100 .L8
     /tmp/ccb0WxFs.s:146    .text:00000000000000fc .L11
     /tmp/ccb0WxFs.s:115    .text:00000000000000c4 .L9
     /tmp/ccb0WxFs.s:156    .text:0000000000000108 .L10
     /tmp/ccb0WxFs.s:235    .text:000000000000018c .L14
     /tmp/ccb0WxFs.s:209    .text:000000000000015c .L15
     /tmp/ccb0WxFs.s:273    .text:00000000000001c0 .L18
     /tmp/ccb0WxFs.s:291    .text:00000000000001e4 .L19
     /tmp/ccb0WxFs.s:359    .text:0000000000000268 .L26
     /tmp/ccb0WxFs.s:304    .text:00000000000001f0 .L21
     /tmp/ccb0WxFs.s:344    .text:0000000000000248 .L24
     /tmp/ccb0WxFs.s:370    .text:0000000000000274 .L23
     /tmp/ccb0WxFs.s:299    .text:00000000000001ec .L20
     /tmp/ccb0WxFs.s:929    .debug_abbrev:0000000000000000 .Ldebug_abbrev0
     /tmp/ccb0WxFs.s:1566   .debug_str:0000000000000107 .LASF34
     /tmp/ccb0WxFs.s:1534   .debug_str:000000000000002f .LASF35
     /tmp/ccb0WxFs.s:1582   .debug_str:0000000000000220 .LASF36
     /tmp/ccb0WxFs.s:5      .text:0000000000000000 .Ltext0
     /tmp/ccb0WxFs.s:414    .text:00000000000002ac .Letext0
     /tmp/ccb0WxFs.s:1524   .debug_line:0000000000000000 .Ldebug_line0
     /tmp/ccb0WxFs.s:1574   .debug_str:00000000000001e8 .LASF0
     /tmp/ccb0WxFs.s:1570   .debug_str:00000000000001de .LASF3
     /tmp/ccb0WxFs.s:1562   .debug_str:00000000000000e8 .LASF1
     /tmp/ccb0WxFs.s:1556   .debug_str:00000000000000be .LASF2
     /tmp/ccb0WxFs.s:1536   .debug_str:0000000000000040 .LASF4
     /tmp/ccb0WxFs.s:1560   .debug_str:00000000000000d6 .LASF5
     /tmp/ccb0WxFs.s:1528   .debug_str:0000000000000013 .LASF6
     /tmp/ccb0WxFs.s:1526   .debug_str:0000000000000000 .LASF7
     /tmp/ccb0WxFs.s:1550   .debug_str:0000000000000092 .LASF8
     /tmp/ccb0WxFs.s:1578   .debug_str:00000000000001fa .LASF9
     /tmp/ccb0WxFs.s:1532   .debug_str:0000000000000021 .LASF10
     /tmp/ccb0WxFs.s:1598   .debug_str:000000000000029e .LASF11
     /tmp/ccb0WxFs.s:1552   .debug_str:00000000000000a5 .LASF12
     /tmp/ccb0WxFs.s:1594   .debug_str:0000000000000282 .LASF13
     /tmp/ccb0WxFs.s:1584   .debug_str:000000000000023d .LASF14
     /tmp/ccb0WxFs.s:1564   .debug_str:00000000000000fb .LASF15
     /tmp/ccb0WxFs.s:1544   .debug_str:0000000000000067 .LASF16
     /tmp/ccb0WxFs.s:1580   .debug_str:000000000000020a .LASF17
     /tmp/ccb0WxFs.s:1554   .debug_str:00000000000000b4 .LASF18
     /tmp/ccb0WxFs.s:1576   .debug_str:00000000000001f5 .LASF19
     /tmp/ccb0WxFs.s:1590   .debug_str:0000000000000268 .LASF20
     /tmp/ccb0WxFs.s:1542   .debug_str:000000000000005e .LASF26
     /tmp/ccb0WxFs.s:1588   .debug_str:0000000000000259 .LASF28
     /tmp/ccb0WxFs.s:251    .text:0000000000000198 .LFB14
     /tmp/ccb0WxFs.s:395    .text:00000000000002ac .LFE14
     /tmp/ccb0WxFs.s:1298   .debug_loc:0000000000000000 .LLST8
     /tmp/ccb0WxFs.s:1572   .debug_str:00000000000001e3 .LASF21
     /tmp/ccb0WxFs.s:1312   .debug_loc:0000000000000039 .LLST9
     /tmp/ccb0WxFs.s:1326   .debug_loc:0000000000000072 .LLST10
     /tmp/ccb0WxFs.s:1340   .debug_loc:00000000000000ab .LLST11
     /tmp/ccb0WxFs.s:1362   .debug_loc:000000000000010a .LLST12
     /tmp/ccb0WxFs.s:1379   .debug_loc:0000000000000155 .LLST13
     /tmp/ccb0WxFs.s:280    .text:00000000000001d8 .LVL26
     /tmp/ccb0WxFs.s:356    .text:0000000000000264 .LVL36
     /tmp/ccb0WxFs.s:377    .text:000000000000028c .LVL40
     /tmp/ccb0WxFs.s:1586   .debug_str:000000000000024d .LASF22
     /tmp/ccb0WxFs.s:1592   .debug_str:000000000000026f .LASF24
GAS LISTING /tmp/ccb0WxFs.s 			page 15


     /tmp/ccb0WxFs.s:192    .text:0000000000000148 .LFB13
     /tmp/ccb0WxFs.s:245    .text:0000000000000198 .LFE13
     /tmp/ccb0WxFs.s:1408   .debug_loc:00000000000001ac .LLST6
     /tmp/ccb0WxFs.s:1419   .debug_loc:00000000000001e2 .LLST7
     /tmp/ccb0WxFs.s:1558   .debug_str:00000000000000cc .LASF23
     /tmp/ccb0WxFs.s:1538   .debug_str:0000000000000047 .LASF25
     /tmp/ccb0WxFs.s:81     .text:000000000000007c .LFB12
     /tmp/ccb0WxFs.s:186    .text:0000000000000148 .LFE12
     /tmp/ccb0WxFs.s:1441   .debug_loc:0000000000000241 .LLST1
     /tmp/ccb0WxFs.s:1456   .debug_loc:000000000000028a .LLST2
     /tmp/ccb0WxFs.s:1470   .debug_loc:00000000000002c3 .LLST3
     /tmp/ccb0WxFs.s:1481   .debug_loc:00000000000002f9 .LLST4
     /tmp/ccb0WxFs.s:1493   .debug_loc:0000000000000321 .LLST5
     /tmp/ccb0WxFs.s:111    .text:00000000000000bc .LVL9
     /tmp/ccb0WxFs.s:127    .text:00000000000000d8 .LVL12
     /tmp/ccb0WxFs.s:163    .text:0000000000000120 .LVL16
     /tmp/ccb0WxFs.s:1596   .debug_str:0000000000000292 .LASF27
     /tmp/ccb0WxFs.s:1568   .debug_str:00000000000001cb .LASF29
     /tmp/ccb0WxFs.s:10     .text:0000000000000000 .LFB11
     /tmp/ccb0WxFs.s:75     .text:000000000000007c .LFE11
     /tmp/ccb0WxFs.s:1548   .debug_str:000000000000008b .LASF30
     /tmp/ccb0WxFs.s:1500   .debug_loc:0000000000000344 .LLST0
     /tmp/ccb0WxFs.s:34     .text:0000000000000030 .LVL2
     /tmp/ccb0WxFs.s:46     .text:0000000000000044 .LVL3
     /tmp/ccb0WxFs.s:60     .text:0000000000000064 .LVL5
     /tmp/ccb0WxFs.s:1546   .debug_str:000000000000007d .LASF31
     /tmp/ccb0WxFs.s:1530   .debug_str:000000000000001a .LASF32
     /tmp/ccb0WxFs.s:1540   .debug_str:0000000000000057 .LASF33
     /tmp/ccb0WxFs.s:254    .text:0000000000000198 .LVL24
     /tmp/ccb0WxFs.s:272    .text:00000000000001c0 .LVL25
     /tmp/ccb0WxFs.s:298    .text:00000000000001ec .LVL29
     /tmp/ccb0WxFs.s:303    .text:00000000000001f0 .LVL30
     /tmp/ccb0WxFs.s:314    .text:0000000000000200 .LVL31
     /tmp/ccb0WxFs.s:335    .text:0000000000000234 .LVL33
     /tmp/ccb0WxFs.s:343    .text:0000000000000248 .LVL34
     /tmp/ccb0WxFs.s:348    .text:000000000000024c .LVL35
     /tmp/ccb0WxFs.s:286    .text:00000000000001dc .LVL27
     /tmp/ccb0WxFs.s:358    .text:0000000000000268 .LVL37
     /tmp/ccb0WxFs.s:369    .text:0000000000000274 .LVL39
     /tmp/ccb0WxFs.s:295    .text:00000000000001e8 .LVL28
     /tmp/ccb0WxFs.s:329    .text:000000000000022c .LVL32
     /tmp/ccb0WxFs.s:364    .text:000000000000026c .LVL38
     /tmp/ccb0WxFs.s:195    .text:0000000000000148 .LVL18
     /tmp/ccb0WxFs.s:208    .text:000000000000015c .LVL20
     /tmp/ccb0WxFs.s:205    .text:0000000000000158 .LVL19
     /tmp/ccb0WxFs.s:231    .text:0000000000000188 .LVL22
     /tmp/ccb0WxFs.s:234    .text:000000000000018c .LVL23
     /tmp/ccb0WxFs.s:84     .text:000000000000007c .LVL7
     /tmp/ccb0WxFs.s:103    .text:00000000000000a4 .LVL8
     /tmp/ccb0WxFs.s:179    .text:000000000000013c .LVL17
     /tmp/ccb0WxFs.s:116    .text:00000000000000c4 .LVL10
     /tmp/ccb0WxFs.s:121    .text:00000000000000cc .LVL11
     /tmp/ccb0WxFs.s:148    .text:0000000000000100 .LVL14
     /tmp/ccb0WxFs.s:153    .text:0000000000000104 .LVL15
     /tmp/ccb0WxFs.s:131    .text:00000000000000dc .LVL13
     /tmp/ccb0WxFs.s:14     .text:0000000000000000 .LVL0
     /tmp/ccb0WxFs.s:26     .text:0000000000000018 .LVL1
GAS LISTING /tmp/ccb0WxFs.s 			page 16


     /tmp/ccb0WxFs.s:70     .text:0000000000000074 .LVL6
     /tmp/ccb0WxFs.s:420    .debug_info:0000000000000000 .Ldebug_info0

UNDEFINED SYMBOLS
copy_and_swap
__putc
__getc
